<?xml version="1.0" encoding="UTF-8"?>
<testsuite xmlns:xsi="http://www.w3.org/2001/XMLSchema-instance" xsi:noNamespaceSchemaLocation="https://maven.apache.org/surefire/maven-surefire-plugin/xsd/surefire-test-report.xsd" name="com.ApiRest.RestApi.MetrobusInfoControllerTest" time="0.928" tests="5" errors="0" skipped="0" failures="0">
  <properties>
[...]
</properties>
  <testcase name="testFindByCounty" classname="com.ApiRest.RestApi.MetrobusInfoControllerTest" time="0.165"/>
  <testcase name="testAllMetrobus" classname="com.ApiRest.RestApi.MetrobusInfoControllerTest" time="0.007"/>
  <testcase name="testFindByIdVehicle" classname="com.ApiRest.RestApi.MetrobusInfoControllerTest" time="0.008"/>
  <testcase name="testFindByLongitudeAndLatitude" classname="com.ApiRest.RestApi.MetrobusInfoControllerTest" time="0.022"/>
  <testcase name="testFindAllCounty" classname="com.ApiRest.RestApi.MetrobusInfoControllerTest" time="0.006"/>
</testsuite>